2017/11/14 17:06:59 [error] [exception.CHttpException.404] exception 'CHttpException' with message 'The system is unable to find the requested action "login".' in /home/hieutct/syn/parttime/yii/framework/web/CController.php:486
Stack trace:
#0 /home/hieutct/syn/parttime/yii/framework/web/CController.php(270): CController->missingAction('login')
#1 /home/hieutct/syn/parttime/yii/framework/web/CWebApplication.php(282): CController->run('login')
#2 /home/hieutct/syn/parttime/yii/framework/web/CWebApplication.php(141): CWebApplication->runController('site/login')
#3 /home/hieutct/syn/parttime/yii/framework/base/CApplication.php(185): CWebApplication->processRequest()
#4 /home/hieutct/syn/parttime/yii/index.php(11): CApplication->run()
#5 {main}
REQUEST_URI=/yii/index.php/site/login
HTTP_REFERER=http://localhost/yii/index.php/post/news
---
2017/11/14 17:21:04 [error] [exception.CHttpException.404] exception 'CHttpException' with message 'The system is unable to find the requested action "undefined".' in /home/hieutct/syn/parttime/yii/framework/web/CController.php:486
Stack trace:
#0 /home/hieutct/syn/parttime/yii/framework/web/CController.php(270): CController->missingAction('undefined')
#1 /home/hieutct/syn/parttime/yii/framework/web/CWebApplication.php(282): CController->run('undefined')
#2 /home/hieutct/syn/parttime/yii/framework/web/CWebApplication.php(141): CWebApplication->runController('product/undefin...')
#3 /home/hieutct/syn/parttime/yii/framework/base/CApplication.php(185): CWebApplication->processRequest()
#4 /home/hieutct/syn/parttime/yii/index.php(11): CApplication->run()
#5 {main}
REQUEST_URI=/yii/index.php/product/undefined?action=voteModal
HTTP_REFERER=http://localhost/yii/index.php/product/index?view=vote_product
---
2017/11/14 17:21:09 [error] [exception.CHttpException.404] exception 'CHttpException' with message 'The system is unable to find the requested action "undefined".' in /home/hieutct/syn/parttime/yii/framework/web/CController.php:486
Stack trace:
#0 /home/hieutct/syn/parttime/yii/framework/web/CController.php(270): CController->missingAction('undefined')
#1 /home/hieutct/syn/parttime/yii/framework/web/CWebApplication.php(282): CController->run('undefined')
#2 /home/hieutct/syn/parttime/yii/framework/web/CWebApplication.php(141): CWebApplication->runController('product/undefin...')
#3 /home/hieutct/syn/parttime/yii/framework/base/CApplication.php(185): CWebApplication->processRequest()
#4 /home/hieutct/syn/parttime/yii/index.php(11): CApplication->run()
#5 {main}
REQUEST_URI=/yii/index.php/product/undefined?action=voteModal
HTTP_REFERER=http://localhost/yii/index.php/product/index?view=vote_product
---
2017/11/14 17:21:09 [error] [exception.CHttpException.404] exception 'CHttpException' with message 'The system is unable to find the requested action "undefined".' in /home/hieutct/syn/parttime/yii/framework/web/CController.php:486
Stack trace:
#0 /home/hieutct/syn/parttime/yii/framework/web/CController.php(270): CController->missingAction('undefined')
#1 /home/hieutct/syn/parttime/yii/framework/web/CWebApplication.php(282): CController->run('undefined')
#2 /home/hieutct/syn/parttime/yii/framework/web/CWebApplication.php(141): CWebApplication->runController('product/undefin...')
#3 /home/hieutct/syn/parttime/yii/framework/base/CApplication.php(185): CWebApplication->processRequest()
#4 /home/hieutct/syn/parttime/yii/index.php(11): CApplication->run()
#5 {main}
REQUEST_URI=/yii/index.php/product/undefined?action=voteModal
HTTP_REFERER=http://localhost/yii/index.php/product/index?view=vote_product
---
2017/11/14 17:21:09 [error] [exception.CHttpException.404] exception 'CHttpException' with message 'The system is unable to find the requested action "undefined".' in /home/hieutct/syn/parttime/yii/framework/web/CController.php:486
Stack trace:
#0 /home/hieutct/syn/parttime/yii/framework/web/CController.php(270): CController->missingAction('undefined')
#1 /home/hieutct/syn/parttime/yii/framework/web/CWebApplication.php(282): CController->run('undefined')
#2 /home/hieutct/syn/parttime/yii/framework/web/CWebApplication.php(141): CWebApplication->runController('product/undefin...')
#3 /home/hieutct/syn/parttime/yii/framework/base/CApplication.php(185): CWebApplication->processRequest()
#4 /home/hieutct/syn/parttime/yii/index.php(11): CApplication->run()
#5 {main}
REQUEST_URI=/yii/index.php/product/undefined?action=voteModal
HTTP_REFERER=http://localhost/yii/index.php/product/index?view=vote_product
---
2017/11/14 17:21:10 [error] [exception.CHttpException.404] exception 'CHttpException' with message 'The system is unable to find the requested action "undefined".' in /home/hieutct/syn/parttime/yii/framework/web/CController.php:486
Stack trace:
#0 /home/hieutct/syn/parttime/yii/framework/web/CController.php(270): CController->missingAction('undefined')
#1 /home/hieutct/syn/parttime/yii/framework/web/CWebApplication.php(282): CController->run('undefined')
#2 /home/hieutct/syn/parttime/yii/framework/web/CWebApplication.php(141): CWebApplication->runController('product/undefin...')
#3 /home/hieutct/syn/parttime/yii/framework/base/CApplication.php(185): CWebApplication->processRequest()
#4 /home/hieutct/syn/parttime/yii/index.php(11): CApplication->run()
#5 {main}
REQUEST_URI=/yii/index.php/product/undefined?action=voteModal
HTTP_REFERER=http://localhost/yii/index.php/product/index?view=vote_product
---
2017/11/14 17:21:10 [error] [exception.CHttpException.404] exception 'CHttpException' with message 'The system is unable to find the requested action "undefined".' in /home/hieutct/syn/parttime/yii/framework/web/CController.php:486
Stack trace:
#0 /home/hieutct/syn/parttime/yii/framework/web/CController.php(270): CController->missingAction('undefined')
#1 /home/hieutct/syn/parttime/yii/framework/web/CWebApplication.php(282): CController->run('undefined')
#2 /home/hieutct/syn/parttime/yii/framework/web/CWebApplication.php(141): CWebApplication->runController('product/undefin...')
#3 /home/hieutct/syn/parttime/yii/framework/base/CApplication.php(185): CWebApplication->processRequest()
#4 /home/hieutct/syn/parttime/yii/index.php(11): CApplication->run()
#5 {main}
REQUEST_URI=/yii/index.php/product/undefined?action=voteModal
HTTP_REFERER=http://localhost/yii/index.php/product/index?view=vote_product
---
2017/11/14 17:21:10 [error] [exception.CHttpException.404] exception 'CHttpException' with message 'The system is unable to find the requested action "undefined".' in /home/hieutct/syn/parttime/yii/framework/web/CController.php:486
Stack trace:
#0 /home/hieutct/syn/parttime/yii/framework/web/CController.php(270): CController->missingAction('undefined')
#1 /home/hieutct/syn/parttime/yii/framework/web/CWebApplication.php(282): CController->run('undefined')
#2 /home/hieutct/syn/parttime/yii/framework/web/CWebApplication.php(141): CWebApplication->runController('product/undefin...')
#3 /home/hieutct/syn/parttime/yii/framework/base/CApplication.php(185): CWebApplication->processRequest()
#4 /home/hieutct/syn/parttime/yii/index.php(11): CApplication->run()
#5 {main}
REQUEST_URI=/yii/index.php/product/undefined?action=voteModal
HTTP_REFERER=http://localhost/yii/index.php/product/index?view=vote_product
---
2017/11/14 17:21:10 [error] [exception.CHttpException.404] exception 'CHttpException' with message 'The system is unable to find the requested action "undefined".' in /home/hieutct/syn/parttime/yii/framework/web/CController.php:486
Stack trace:
#0 /home/hieutct/syn/parttime/yii/framework/web/CController.php(270): CController->missingAction('undefined')
#1 /home/hieutct/syn/parttime/yii/framework/web/CWebApplication.php(282): CController->run('undefined')
#2 /home/hieutct/syn/parttime/yii/framework/web/CWebApplication.php(141): CWebApplication->runController('product/undefin...')
#3 /home/hieutct/syn/parttime/yii/framework/base/CApplication.php(185): CWebApplication->processRequest()
#4 /home/hieutct/syn/parttime/yii/index.php(11): CApplication->run()
#5 {main}
REQUEST_URI=/yii/index.php/product/undefined?action=voteModal
HTTP_REFERER=http://localhost/yii/index.php/product/index?view=vote_product
---
2017/11/14 17:21:10 [error] [exception.CHttpException.404] exception 'CHttpException' with message 'The system is unable to find the requested action "undefined".' in /home/hieutct/syn/parttime/yii/framework/web/CController.php:486
Stack trace:
#0 /home/hieutct/syn/parttime/yii/framework/web/CController.php(270): CController->missingAction('undefined')
#1 /home/hieutct/syn/parttime/yii/framework/web/CWebApplication.php(282): CController->run('undefined')
#2 /home/hieutct/syn/parttime/yii/framework/web/CWebApplication.php(141): CWebApplication->runController('product/undefin...')
#3 /home/hieutct/syn/parttime/yii/framework/base/CApplication.php(185): CWebApplication->processRequest()
#4 /home/hieutct/syn/parttime/yii/index.php(11): CApplication->run()
#5 {main}
REQUEST_URI=/yii/index.php/product/undefined?action=voteModal
HTTP_REFERER=http://localhost/yii/index.php/product/index?view=vote_product
---
2017/11/14 17:23:46 [error] [exception.CHttpException.404] exception 'CHttpException' with message 'The system is unable to find the requested action "ajax".' in /home/hieutct/syn/parttime/yii/framework/web/CController.php:486
Stack trace:
#0 /home/hieutct/syn/parttime/yii/framework/web/CController.php(270): CController->missingAction('ajax')
#1 /home/hieutct/syn/parttime/yii/framework/web/CWebApplication.php(282): CController->run('ajax')
#2 /home/hieutct/syn/parttime/yii/framework/web/CWebApplication.php(141): CWebApplication->runController('vote/ajax')
#3 /home/hieutct/syn/parttime/yii/framework/base/CApplication.php(185): CWebApplication->processRequest()
#4 /home/hieutct/syn/parttime/yii/index.php(11): CApplication->run()
#5 {main}
REQUEST_URI=/yii/index.php/vote/ajax?action=voteModal
HTTP_REFERER=http://localhost/yii/index.php/product/index?view=vote_product
---
2017/11/14 17:23:53 [error] [exception.CHttpException.404] exception 'CHttpException' with message 'The system is unable to find the requested action "ajax".' in /home/hieutct/syn/parttime/yii/framework/web/CController.php:486
Stack trace:
#0 /home/hieutct/syn/parttime/yii/framework/web/CController.php(270): CController->missingAction('ajax')
#1 /home/hieutct/syn/parttime/yii/framework/web/CWebApplication.php(282): CController->run('ajax')
#2 /home/hieutct/syn/parttime/yii/framework/web/CWebApplication.php(141): CWebApplication->runController('vote/ajax')
#3 /home/hieutct/syn/parttime/yii/framework/base/CApplication.php(185): CWebApplication->processRequest()
#4 /home/hieutct/syn/parttime/yii/index.php(11): CApplication->run()
#5 {main}
REQUEST_URI=/yii/index.php/vote/ajax?action=voteModal
HTTP_REFERER=http://localhost/yii/index.php/product/index?view=vote_product
---
2017/11/14 17:24:37 [error] [exception.CHttpException.404] exception 'CHttpException' with message 'The system is unable to find the requested action "ajax".' in /home/hieutct/syn/parttime/yii/framework/web/CController.php:486
Stack trace:
#0 /home/hieutct/syn/parttime/yii/framework/web/CController.php(270): CController->missingAction('ajax')
#1 /home/hieutct/syn/parttime/yii/framework/web/CWebApplication.php(282): CController->run('ajax')
#2 /home/hieutct/syn/parttime/yii/framework/web/CWebApplication.php(141): CWebApplication->runController('vote/ajax')
#3 /home/hieutct/syn/parttime/yii/framework/base/CApplication.php(185): CWebApplication->processRequest()
#4 /home/hieutct/syn/parttime/yii/index.php(11): CApplication->run()
#5 {main}
REQUEST_URI=/yii/index.php/vote/ajax?action=voteModal
HTTP_REFERER=http://localhost/yii/index.php/product/index?view=vote_product
---
2017/11/14 17:24:37 [error] [exception.CHttpException.404] exception 'CHttpException' with message 'The system is unable to find the requested action "ajax".' in /home/hieutct/syn/parttime/yii/framework/web/CController.php:486
Stack trace:
#0 /home/hieutct/syn/parttime/yii/framework/web/CController.php(270): CController->missingAction('ajax')
#1 /home/hieutct/syn/parttime/yii/framework/web/CWebApplication.php(282): CController->run('ajax')
#2 /home/hieutct/syn/parttime/yii/framework/web/CWebApplication.php(141): CWebApplication->runController('vote/ajax')
#3 /home/hieutct/syn/parttime/yii/framework/base/CApplication.php(185): CWebApplication->processRequest()
#4 /home/hieutct/syn/parttime/yii/index.php(11): CApplication->run()
#5 {main}
REQUEST_URI=/yii/index.php/vote/ajax?action=voteModal
HTTP_REFERER=http://localhost/yii/index.php/product/index?view=vote_product
---
2017/11/14 17:24:48 [error] [exception.CHttpException.404] exception 'CHttpException' with message 'The system is unable to find the requested action "ajax".' in /home/hieutct/syn/parttime/yii/framework/web/CController.php:486
Stack trace:
#0 /home/hieutct/syn/parttime/yii/framework/web/CController.php(270): CController->missingAction('ajax')
#1 /home/hieutct/syn/parttime/yii/framework/web/CWebApplication.php(282): CController->run('ajax')
#2 /home/hieutct/syn/parttime/yii/framework/web/CWebApplication.php(141): CWebApplication->runController('vote/ajax')
#3 /home/hieutct/syn/parttime/yii/framework/base/CApplication.php(185): CWebApplication->processRequest()
#4 /home/hieutct/syn/parttime/yii/index.php(11): CApplication->run()
#5 {main}
REQUEST_URI=/yii/index.php/vote/ajax?action=voteModal
HTTP_REFERER=http://localhost/yii/index.php/product/index?view=vote_product
---
2017/11/14 17:48:47 [error] [php] Undefined index: product_id (/home/hieutct/syn/parttime/yii/protected/controllers/VoteController.php:119)
Stack trace:
#0 /home/hieutct/syn/parttime/yii/framework/web/filters/CFilterChain.php(134): VoteController->runAction()
#1 /home/hieutct/syn/parttime/yii/framework/web/filters/CFilter.php(40): CFilterChain->run()
#2 /home/hieutct/syn/parttime/yii/framework/web/CController.php(1148): CAccessControlFilter->filter()
#3 /home/hieutct/syn/parttime/yii/framework/web/filters/CInlineFilter.php(58): VoteController->filterAccessControl()
#4 /home/hieutct/syn/parttime/yii/framework/web/filters/CFilterChain.php(131): CInlineFilter->filter()
#5 /home/hieutct/syn/parttime/yii/framework/web/CController.php(291): CFilterChain->run()
#6 /home/hieutct/syn/parttime/yii/framework/web/CController.php(265): VoteController->runActionWithFilters()
#7 /home/hieutct/syn/parttime/yii/framework/web/CWebApplication.php(282): VoteController->run()
#8 /home/hieutct/syn/parttime/yii/framework/web/CWebApplication.php(141): CWebApplication->runController()
#9 /home/hieutct/syn/parttime/yii/framework/base/CApplication.php(185): CWebApplication->processRequest()
#10 /home/hieutct/syn/parttime/yii/index.php(11): CWebApplication->run()
REQUEST_URI=/yii/index.php/vote/ajax?action=voteModal&product_id5
2017/11/14 17:48:56 [error] [php] Undefined index: product_id (/home/hieutct/syn/parttime/yii/protected/controllers/VoteController.php:119)
Stack trace:
#0 /home/hieutct/syn/parttime/yii/framework/web/filters/CFilterChain.php(134): VoteController->runAction()
#1 /home/hieutct/syn/parttime/yii/framework/web/filters/CFilter.php(40): CFilterChain->run()
#2 /home/hieutct/syn/parttime/yii/framework/web/CController.php(1148): CAccessControlFilter->filter()
#3 /home/hieutct/syn/parttime/yii/framework/web/filters/CInlineFilter.php(58): VoteController->filterAccessControl()
#4 /home/hieutct/syn/parttime/yii/framework/web/filters/CFilterChain.php(131): CInlineFilter->filter()
#5 /home/hieutct/syn/parttime/yii/framework/web/CController.php(291): CFilterChain->run()
#6 /home/hieutct/syn/parttime/yii/framework/web/CController.php(265): VoteController->runActionWithFilters()
#7 /home/hieutct/syn/parttime/yii/framework/web/CWebApplication.php(282): VoteController->run()
#8 /home/hieutct/syn/parttime/yii/framework/web/CWebApplication.php(141): CWebApplication->runController()
#9 /home/hieutct/syn/parttime/yii/framework/base/CApplication.php(185): CWebApplication->processRequest()
#10 /home/hieutct/syn/parttime/yii/index.php(11): CWebApplication->run()
REQUEST_URI=/yii/index.php/vote/ajax?action=voteModal&product_id5
2017/11/14 17:49:17 [error] [php] Undefined variable: model (/home/hieutct/syn/parttime/yii/protected/views/vote/_ModalVote.php:23)
Stack trace:
#0 /home/hieutct/syn/parttime/yii/framework/web/CController.php(872): VoteController->renderFile()
#1 /home/hieutct/syn/parttime/yii/protected/controllers/VoteController.php(129): VoteController->renderPartial()
#2 /home/hieutct/syn/parttime/yii/framework/web/actions/CInlineAction.php(49): VoteController->actionAjax()
#3 /home/hieutct/syn/parttime/yii/framework/web/CController.php(308): CInlineAction->runWithParams()
#4 /home/hieutct/syn/parttime/yii/framework/web/filters/CFilterChain.php(134): VoteController->runAction()
#5 /home/hieutct/syn/parttime/yii/framework/web/filters/CFilter.php(40): CFilterChain->run()
#6 /home/hieutct/syn/parttime/yii/framework/web/CController.php(1148): CAccessControlFilter->filter()
#7 /home/hieutct/syn/parttime/yii/framework/web/filters/CInlineFilter.php(58): VoteController->filterAccessControl()
#8 /home/hieutct/syn/parttime/yii/framework/web/filters/CFilterChain.php(131): CInlineFilter->filter()
#9 /home/hieutct/syn/parttime/yii/framework/web/CController.php(291): CFilterChain->run()
#10 /home/hieutct/syn/parttime/yii/framework/web/CController.php(265): VoteController->runActionWithFilters()
#11 /home/hieutct/syn/parttime/yii/framework/web/CWebApplication.php(282): VoteController->run()
#12 /home/hieutct/syn/parttime/yii/framework/web/CWebApplication.php(141): CWebApplication->runController()
#13 /home/hieutct/syn/parttime/yii/framework/base/CApplication.php(185): CWebApplication->processRequest()
#14 /home/hieutct/syn/parttime/yii/index.php(11): CWebApplication->run()
REQUEST_URI=/yii/index.php/vote/ajax?action=voteModal&product_id=8
2017/11/14 17:53:49 [error] [php] htmlspecialchars() expects parameter 1 to be string, array given (/home/hieutct/syn/parttime/yii/framework/web/helpers/CHtml.php:108)
Stack trace:
#0 /home/hieutct/syn/parttime/yii/protected/views/vote/_modalVote.php(23): textArea()
#1 /home/hieutct/syn/parttime/yii/framework/web/CBaseController.php(126): require()
#2 /home/hieutct/syn/parttime/yii/framework/web/CBaseController.php(95): VoteController->renderInternal()
#3 /home/hieutct/syn/parttime/yii/framework/web/CController.php(872): VoteController->renderFile()
#4 /home/hieutct/syn/parttime/yii/protected/controllers/VoteController.php(125): VoteController->renderPartial()
#5 /home/hieutct/syn/parttime/yii/framework/web/actions/CInlineAction.php(49): VoteController->actionAjax()
#6 /home/hieutct/syn/parttime/yii/framework/web/CController.php(308): CInlineAction->runWithParams()
#7 /home/hieutct/syn/parttime/yii/framework/web/filters/CFilterChain.php(134): VoteController->runAction()
#8 /home/hieutct/syn/parttime/yii/framework/web/filters/CFilter.php(40): CFilterChain->run()
#9 /home/hieutct/syn/parttime/yii/framework/web/CController.php(1148): CAccessControlFilter->filter()
#10 /home/hieutct/syn/parttime/yii/framework/web/filters/CInlineFilter.php(58): VoteController->filterAccessControl()
#11 /home/hieutct/syn/parttime/yii/framework/web/filters/CFilterChain.php(131): CInlineFilter->filter()
#12 /home/hieutct/syn/parttime/yii/framework/web/CController.php(291): CFilterChain->run()
#13 /home/hieutct/syn/parttime/yii/framework/web/CController.php(265): VoteController->runActionWithFilters()
#14 /home/hieutct/syn/parttime/yii/framework/web/CWebApplication.php(282): VoteController->run()
#15 /home/hieutct/syn/parttime/yii/framework/web/CWebApplication.php(141): CWebApplication->runController()
#16 /home/hieutct/syn/parttime/yii/framework/base/CApplication.php(185): CWebApplication->processRequest()
#17 /home/hieutct/syn/parttime/yii/index.php(11): CWebApplication->run()
REQUEST_URI=/yii/index.php/vote/ajax?action=voteModal&product_id=5
2017/11/14 17:53:53 [error] [php] htmlspecialchars() expects parameter 1 to be string, array given (/home/hieutct/syn/parttime/yii/framework/web/helpers/CHtml.php:108)
Stack trace:
#0 /home/hieutct/syn/parttime/yii/protected/views/vote/_modalVote.php(23): textArea()
#1 /home/hieutct/syn/parttime/yii/framework/web/CBaseController.php(126): require()
#2 /home/hieutct/syn/parttime/yii/framework/web/CBaseController.php(95): VoteController->renderInternal()
#3 /home/hieutct/syn/parttime/yii/framework/web/CController.php(872): VoteController->renderFile()
#4 /home/hieutct/syn/parttime/yii/protected/controllers/VoteController.php(125): VoteController->renderPartial()
#5 /home/hieutct/syn/parttime/yii/framework/web/actions/CInlineAction.php(49): VoteController->actionAjax()
#6 /home/hieutct/syn/parttime/yii/framework/web/CController.php(308): CInlineAction->runWithParams()
#7 /home/hieutct/syn/parttime/yii/framework/web/filters/CFilterChain.php(134): VoteController->runAction()
#8 /home/hieutct/syn/parttime/yii/framework/web/filters/CFilter.php(40): CFilterChain->run()
#9 /home/hieutct/syn/parttime/yii/framework/web/CController.php(1148): CAccessControlFilter->filter()
#10 /home/hieutct/syn/parttime/yii/framework/web/filters/CInlineFilter.php(58): VoteController->filterAccessControl()
#11 /home/hieutct/syn/parttime/yii/framework/web/filters/CFilterChain.php(131): CInlineFilter->filter()
#12 /home/hieutct/syn/parttime/yii/framework/web/CController.php(291): CFilterChain->run()
#13 /home/hieutct/syn/parttime/yii/framework/web/CController.php(265): VoteController->runActionWithFilters()
#14 /home/hieutct/syn/parttime/yii/framework/web/CWebApplication.php(282): VoteController->run()
#15 /home/hieutct/syn/parttime/yii/framework/web/CWebApplication.php(141): CWebApplication->runController()
#16 /home/hieutct/syn/parttime/yii/framework/base/CApplication.php(185): CWebApplication->processRequest()
#17 /home/hieutct/syn/parttime/yii/index.php(11): CWebApplication->run()
REQUEST_URI=/yii/index.php/vote/ajax?action=voteModal&product_id=5
2017/11/14 18:06:44 [error] [exception.CException] exception 'CException' with message 'Property "Vote.title" is not defined.' in /home/hieutct/syn/parttime/yii/framework/base/CComponent.php:130
Stack trace:
#0 /home/hieutct/syn/parttime/yii/framework/db/ar/CActiveRecord.php(145): CComponent->__get('title')
#1 /home/hieutct/syn/parttime/yii/protected/views/vote/_modalVote.php(15): CActiveRecord->__get('title')
#2 /home/hieutct/syn/parttime/yii/framework/web/CBaseController.php(126): require('/home/hieutct/s...')
#3 /home/hieutct/syn/parttime/yii/framework/web/CBaseController.php(95): CBaseController->renderInternal('/home/hieutct/s...', Array, true)
#4 /home/hieutct/syn/parttime/yii/framework/web/CController.php(872): CBaseController->renderFile('/home/hieutct/s...', Array, true)
#5 /home/hieutct/syn/parttime/yii/protected/controllers/VoteController.php(105): CController->renderPartial('_modalVote', Array)
#6 /home/hieutct/syn/parttime/yii/framework/web/actions/CInlineAction.php(49): VoteController->actionAjax()
#7 /home/hieutct/syn/parttime/yii/framework/web/CController.php(308): CInlineAction->runWithParams(Array)
#8 /home/hieutct/syn/parttime/yii/framework/web/filters/CFilterChain.php(134): CController->runAction(Object(CInlineAction))
#9 /home/hieutct/syn/parttime/yii/framework/web/filters/CFilter.php(40): CFilterChain->run()
#10 /home/hieutct/syn/parttime/yii/framework/web/CController.php(1148): CFilter->filter(Object(CFilterChain))
#11 /home/hieutct/syn/parttime/yii/framework/web/filters/CInlineFilter.php(58): CController->filterAccessControl(Object(CFilterChain))
#12 /home/hieutct/syn/parttime/yii/framework/web/filters/CFilterChain.php(131): CInlineFilter->filter(Object(CFilterChain))
#13 /home/hieutct/syn/parttime/yii/framework/web/CController.php(291): CFilterChain->run()
#14 /home/hieutct/syn/parttime/yii/framework/web/CController.php(265): CController->runActionWithFilters(Object(CInlineAction), Array)
#15 /home/hieutct/syn/parttime/yii/framework/web/CWebApplication.php(282): CController->run('ajax')
#16 /home/hieutct/syn/parttime/yii/framework/web/CWebApplication.php(141): CWebApplication->runController('vote/ajax')
#17 /home/hieutct/syn/parttime/yii/framework/base/CApplication.php(185): CWebApplication->processRequest()
#18 /home/hieutct/syn/parttime/yii/index.php(11): CApplication->run()
#19 {main}
REQUEST_URI=/yii/index.php/vote/ajax?action=voteModal&product_id=5
HTTP_REFERER=http://localhost/yii/index.php/product/index?view=vote_product
---
2017/11/14 18:35:09 [error] [php] Undefined variable: id_cat (/home/hieutct/syn/parttime/yii/protected/controllers/VoteController.php:84)
Stack trace:
#0 /home/hieutct/syn/parttime/yii/framework/web/filters/CFilterChain.php(134): VoteController->runAction()
#1 /home/hieutct/syn/parttime/yii/framework/web/filters/CFilter.php(40): CFilterChain->run()
#2 /home/hieutct/syn/parttime/yii/framework/web/CController.php(1148): CAccessControlFilter->filter()
#3 /home/hieutct/syn/parttime/yii/framework/web/filters/CInlineFilter.php(58): VoteController->filterAccessControl()
#4 /home/hieutct/syn/parttime/yii/framework/web/filters/CFilterChain.php(131): CInlineFilter->filter()
#5 /home/hieutct/syn/parttime/yii/framework/web/CController.php(291): CFilterChain->run()
#6 /home/hieutct/syn/parttime/yii/framework/web/CController.php(265): VoteController->runActionWithFilters()
#7 /home/hieutct/syn/parttime/yii/framework/web/CWebApplication.php(282): VoteController->run()
#8 /home/hieutct/syn/parttime/yii/framework/web/CWebApplication.php(141): CWebApplication->runController()
#9 /home/hieutct/syn/parttime/yii/framework/base/CApplication.php(185): CWebApplication->processRequest()
#10 /home/hieutct/syn/parttime/yii/index.php(11): CWebApplication->run()
REQUEST_URI=/yii/index.php/vote/index
2017/11/14 18:39:56 [error] [exception.CHttpException.404] exception 'CHttpException' with message 'The system is unable to find the requested action "vote".' in /home/hieutct/syn/parttime/yii/framework/web/CController.php:486
Stack trace:
#0 /home/hieutct/syn/parttime/yii/framework/web/CController.php(270): CController->missingAction('vote')
#1 /home/hieutct/syn/parttime/yii/framework/web/CWebApplication.php(282): CController->run('vote')
#2 /home/hieutct/syn/parttime/yii/framework/web/CWebApplication.php(141): CWebApplication->runController('vote/vote')
#3 /home/hieutct/syn/parttime/yii/framework/base/CApplication.php(185): CWebApplication->processRequest()
#4 /home/hieutct/syn/parttime/yii/index.php(11): CApplication->run()
#5 {main}
REQUEST_URI=/yii/index.php/vote/vote
HTTP_REFERER=http://localhost/yii/index.php/vote/index?cat=1
---
2017/11/14 18:40:14 [error] [exception.CHttpException.404] exception 'CHttpException' with message 'The system is unable to find the requested action "vote".' in /home/hieutct/syn/parttime/yii/framework/web/CController.php:486
Stack trace:
#0 /home/hieutct/syn/parttime/yii/framework/web/CController.php(270): CController->missingAction('vote')
#1 /home/hieutct/syn/parttime/yii/framework/web/CWebApplication.php(282): CController->run('vote')
#2 /home/hieutct/syn/parttime/yii/framework/web/CWebApplication.php(141): CWebApplication->runController('vote/vote')
#3 /home/hieutct/syn/parttime/yii/framework/base/CApplication.php(185): CWebApplication->processRequest()
#4 /home/hieutct/syn/parttime/yii/index.php(11): CApplication->run()
#5 {main}
REQUEST_URI=/yii/index.php/vote/vote
HTTP_REFERER=http://localhost/yii/index.php/vote/index?cat=1
---
2017/11/14 18:49:34 [error] [php] Invalid argument supplied for foreach() (/home/hieutct/syn/parttime/yii/framework/db/CDbCommand.php:782)
Stack trace:
#0 /home/hieutct/syn/parttime/yii/framework/web/CController.php(308): CInlineAction->runWithParams()
#1 /home/hieutct/syn/parttime/yii/framework/web/filters/CFilterChain.php(134): VoteController->runAction()
#2 /home/hieutct/syn/parttime/yii/framework/web/filters/CFilter.php(40): CFilterChain->run()
#3 /home/hieutct/syn/parttime/yii/framework/web/CController.php(1148): CAccessControlFilter->filter()
#4 /home/hieutct/syn/parttime/yii/framework/web/filters/CInlineFilter.php(58): VoteController->filterAccessControl()
#5 /home/hieutct/syn/parttime/yii/framework/web/filters/CFilterChain.php(131): CInlineFilter->filter()
#6 /home/hieutct/syn/parttime/yii/framework/web/CController.php(291): CFilterChain->run()
#7 /home/hieutct/syn/parttime/yii/framework/web/CController.php(265): VoteController->runActionWithFilters()
#8 /home/hieutct/syn/parttime/yii/framework/web/CWebApplication.php(282): VoteController->run()
#9 /home/hieutct/syn/parttime/yii/framework/web/CWebApplication.php(141): CWebApplication->runController()
#10 /home/hieutct/syn/parttime/yii/framework/base/CApplication.php(185): CWebApplication->processRequest()
#11 /home/hieutct/syn/parttime/yii/index.php(11): CWebApplication->run()
REQUEST_URI=/yii/index.php/vote/index?cat=1
2017/11/14 18:49:49 [error] [php] Invalid argument supplied for foreach() (/home/hieutct/syn/parttime/yii/framework/db/CDbCommand.php:782)
Stack trace:
#0 /home/hieutct/syn/parttime/yii/framework/web/CController.php(308): CInlineAction->runWithParams()
#1 /home/hieutct/syn/parttime/yii/framework/web/filters/CFilterChain.php(134): VoteController->runAction()
#2 /home/hieutct/syn/parttime/yii/framework/web/filters/CFilter.php(40): CFilterChain->run()
#3 /home/hieutct/syn/parttime/yii/framework/web/CController.php(1148): CAccessControlFilter->filter()
#4 /home/hieutct/syn/parttime/yii/framework/web/filters/CInlineFilter.php(58): VoteController->filterAccessControl()
#5 /home/hieutct/syn/parttime/yii/framework/web/filters/CFilterChain.php(131): CInlineFilter->filter()
#6 /home/hieutct/syn/parttime/yii/framework/web/CController.php(291): CFilterChain->run()
#7 /home/hieutct/syn/parttime/yii/framework/web/CController.php(265): VoteController->runActionWithFilters()
#8 /home/hieutct/syn/parttime/yii/framework/web/CWebApplication.php(282): VoteController->run()
#9 /home/hieutct/syn/parttime/yii/framework/web/CWebApplication.php(141): CWebApplication->runController()
#10 /home/hieutct/syn/parttime/yii/framework/base/CApplication.php(185): CWebApplication->processRequest()
#11 /home/hieutct/syn/parttime/yii/index.php(11): CWebApplication->run()
REQUEST_URI=/yii/index.php/vote/index?cat=1
2017/11/14 18:49:50 [error] [php] Invalid argument supplied for foreach() (/home/hieutct/syn/parttime/yii/framework/db/CDbCommand.php:782)
Stack trace:
#0 /home/hieutct/syn/parttime/yii/framework/web/CController.php(308): CInlineAction->runWithParams()
#1 /home/hieutct/syn/parttime/yii/framework/web/filters/CFilterChain.php(134): VoteController->runAction()
#2 /home/hieutct/syn/parttime/yii/framework/web/filters/CFilter.php(40): CFilterChain->run()
#3 /home/hieutct/syn/parttime/yii/framework/web/CController.php(1148): CAccessControlFilter->filter()
#4 /home/hieutct/syn/parttime/yii/framework/web/filters/CInlineFilter.php(58): VoteController->filterAccessControl()
#5 /home/hieutct/syn/parttime/yii/framework/web/filters/CFilterChain.php(131): CInlineFilter->filter()
#6 /home/hieutct/syn/parttime/yii/framework/web/CController.php(291): CFilterChain->run()
#7 /home/hieutct/syn/parttime/yii/framework/web/CController.php(265): VoteController->runActionWithFilters()
#8 /home/hieutct/syn/parttime/yii/framework/web/CWebApplication.php(282): VoteController->run()
#9 /home/hieutct/syn/parttime/yii/framework/web/CWebApplication.php(141): CWebApplication->runController()
#10 /home/hieutct/syn/parttime/yii/framework/base/CApplication.php(185): CWebApplication->processRequest()
#11 /home/hieutct/syn/parttime/yii/index.php(11): CWebApplication->run()
REQUEST_URI=/yii/index.php/vote/index?cat=1
2017/11/14 18:49:59 [error] [php] Invalid argument supplied for foreach() (/home/hieutct/syn/parttime/yii/framework/db/CDbCommand.php:782)
Stack trace:
#0 /home/hieutct/syn/parttime/yii/framework/web/CController.php(308): CInlineAction->runWithParams()
#1 /home/hieutct/syn/parttime/yii/framework/web/filters/CFilterChain.php(134): VoteController->runAction()
#2 /home/hieutct/syn/parttime/yii/framework/web/filters/CFilter.php(40): CFilterChain->run()
#3 /home/hieutct/syn/parttime/yii/framework/web/CController.php(1148): CAccessControlFilter->filter()
#4 /home/hieutct/syn/parttime/yii/framework/web/filters/CInlineFilter.php(58): VoteController->filterAccessControl()
#5 /home/hieutct/syn/parttime/yii/framework/web/filters/CFilterChain.php(131): CInlineFilter->filter()
#6 /home/hieutct/syn/parttime/yii/framework/web/CController.php(291): CFilterChain->run()
#7 /home/hieutct/syn/parttime/yii/framework/web/CController.php(265): VoteController->runActionWithFilters()
#8 /home/hieutct/syn/parttime/yii/framework/web/CWebApplication.php(282): VoteController->run()
#9 /home/hieutct/syn/parttime/yii/framework/web/CWebApplication.php(141): CWebApplication->runController()
#10 /home/hieutct/syn/parttime/yii/framework/base/CApplication.php(185): CWebApplication->processRequest()
#11 /home/hieutct/syn/parttime/yii/index.php(11): CWebApplication->run()
REQUEST_URI=/yii/index.php/vote/index?cat=1
2017/11/14 18:50:00 [error] [php] Invalid argument supplied for foreach() (/home/hieutct/syn/parttime/yii/framework/db/CDbCommand.php:782)
Stack trace:
#0 /home/hieutct/syn/parttime/yii/framework/web/CController.php(308): CInlineAction->runWithParams()
#1 /home/hieutct/syn/parttime/yii/framework/web/filters/CFilterChain.php(134): VoteController->runAction()
#2 /home/hieutct/syn/parttime/yii/framework/web/filters/CFilter.php(40): CFilterChain->run()
#3 /home/hieutct/syn/parttime/yii/framework/web/CController.php(1148): CAccessControlFilter->filter()
#4 /home/hieutct/syn/parttime/yii/framework/web/filters/CInlineFilter.php(58): VoteController->filterAccessControl()
#5 /home/hieutct/syn/parttime/yii/framework/web/filters/CFilterChain.php(131): CInlineFilter->filter()
#6 /home/hieutct/syn/parttime/yii/framework/web/CController.php(291): CFilterChain->run()
#7 /home/hieutct/syn/parttime/yii/framework/web/CController.php(265): VoteController->runActionWithFilters()
#8 /home/hieutct/syn/parttime/yii/framework/web/CWebApplication.php(282): VoteController->run()
#9 /home/hieutct/syn/parttime/yii/framework/web/CWebApplication.php(141): CWebApplication->runController()
#10 /home/hieutct/syn/parttime/yii/framework/base/CApplication.php(185): CWebApplication->processRequest()
#11 /home/hieutct/syn/parttime/yii/index.php(11): CWebApplication->run()
REQUEST_URI=/yii/index.php/vote/index?cat=1
2017/11/14 19:10:50 [error] [php] Undefined variable: this (/home/hieutct/syn/parttime/yii/framework/db/ar/CActiveRecord.php:1491)
Stack trace:
#0 /home/hieutct/syn/parttime/yii/framework/web/CBaseController.php(130): require()
#1 /home/hieutct/syn/parttime/yii/framework/web/CBaseController.php(95): VoteController->renderInternal()
#2 /home/hieutct/syn/parttime/yii/framework/zii/widgets/CListView.php(291): VoteController->renderFile()
#3 /home/hieutct/syn/parttime/yii/framework/zii/widgets/CBaseListView.php(181): CListView->renderItems()
#4 unknown(0): CListView->renderSection()
#5 /home/hieutct/syn/parttime/yii/framework/zii/widgets/CBaseListView.php(164): preg_replace_callback()
#6 /home/hieutct/syn/parttime/yii/framework/zii/widgets/CBaseListView.php(149): CListView->renderContent()
#7 /home/hieutct/syn/parttime/yii/framework/web/CBaseController.php(182): CListView->run()
#8 /home/hieutct/syn/parttime/yii/protected/views/vote/filterVote.php(38): VoteController->widget()
#9 /home/hieutct/syn/parttime/yii/framework/web/CBaseController.php(126): require()
#10 /home/hieutct/syn/parttime/yii/framework/web/CBaseController.php(95): VoteController->renderInternal()
#11 /home/hieutct/syn/parttime/yii/framework/web/CController.php(872): VoteController->renderFile()
#12 /home/hieutct/syn/parttime/yii/framework/web/CController.php(785): VoteController->renderPartial()
#13 /home/hieutct/syn/parttime/yii/protected/controllers/VoteController.php(83): VoteController->render()
#14 /home/hieutct/syn/parttime/yii/framework/web/actions/CInlineAction.php(49): VoteController->actionIndex()
#15 /home/hieutct/syn/parttime/yii/framework/web/CController.php(308): CInlineAction->runWithParams()
#16 /home/hieutct/syn/parttime/yii/framework/web/filters/CFilterChain.php(134): VoteController->runAction()
#17 /home/hieutct/syn/parttime/yii/framework/web/filters/CFilter.php(40): CFilterChain->run()
#18 /home/hieutct/syn/parttime/yii/framework/web/CController.php(1148): CAccessControlFilter->filter()
#19 /home/hieutct/syn/parttime/yii/framework/web/filters/CInlineFilter.php(58): VoteController->filterAccessControl()
#20 /home/hieutct/syn/parttime/yii/framework/web/filters/CFilterChain.php(131): CInlineFilter->filter()
#21 /home/hieutct/syn/parttime/yii/framework/web/CController.php(291): CFilterChain->run()
#22 /home/hieutct/syn/parttime/yii/framework/web/CController.php(265): VoteController->runActionWithFilters()
#23 /home/hieutct/syn/parttime/yii/framework/web/CWebApplication.php(282): VoteController->run()
#24 /home/hieutct/syn/parttime/yii/framework/web/CWebApplication.php(141): CWebApplication->runController()
#25 /home/hieutct/syn/parttime/yii/framework/base/CApplication.php(185): CWebApplication->processRequest()
#26 /home/hieutct/syn/parttime/yii/index.php(11): CWebApplication->run()
REQUEST_URI=/yii/index.php/vote/index?auto_scroll=exTab
2017/11/14 19:11:10 [error] [php] Undefined variable: this (/home/hieutct/syn/parttime/yii/framework/db/ar/CActiveRecord.php:1491)
Stack trace:
#0 /home/hieutct/syn/parttime/yii/framework/web/CBaseController.php(130): require()
#1 /home/hieutct/syn/parttime/yii/framework/web/CBaseController.php(95): VoteController->renderInternal()
#2 /home/hieutct/syn/parttime/yii/framework/zii/widgets/CListView.php(291): VoteController->renderFile()
#3 /home/hieutct/syn/parttime/yii/framework/zii/widgets/CBaseListView.php(181): CListView->renderItems()
#4 unknown(0): CListView->renderSection()
#5 /home/hieutct/syn/parttime/yii/framework/zii/widgets/CBaseListView.php(164): preg_replace_callback()
#6 /home/hieutct/syn/parttime/yii/framework/zii/widgets/CBaseListView.php(149): CListView->renderContent()
#7 /home/hieutct/syn/parttime/yii/framework/web/CBaseController.php(182): CListView->run()
#8 /home/hieutct/syn/parttime/yii/protected/views/vote/filterVote.php(38): VoteController->widget()
#9 /home/hieutct/syn/parttime/yii/framework/web/CBaseController.php(126): require()
#10 /home/hieutct/syn/parttime/yii/framework/web/CBaseController.php(95): VoteController->renderInternal()
#11 /home/hieutct/syn/parttime/yii/framework/web/CController.php(872): VoteController->renderFile()
#12 /home/hieutct/syn/parttime/yii/framework/web/CController.php(785): VoteController->renderPartial()
#13 /home/hieutct/syn/parttime/yii/protected/controllers/VoteController.php(83): VoteController->render()
#14 /home/hieutct/syn/parttime/yii/framework/web/actions/CInlineAction.php(49): VoteController->actionIndex()
#15 /home/hieutct/syn/parttime/yii/framework/web/CController.php(308): CInlineAction->runWithParams()
#16 /home/hieutct/syn/parttime/yii/framework/web/filters/CFilterChain.php(134): VoteController->runAction()
#17 /home/hieutct/syn/parttime/yii/framework/web/filters/CFilter.php(40): CFilterChain->run()
#18 /home/hieutct/syn/parttime/yii/framework/web/CController.php(1148): CAccessControlFilter->filter()
#19 /home/hieutct/syn/parttime/yii/framework/web/filters/CInlineFilter.php(58): VoteController->filterAccessControl()
#20 /home/hieutct/syn/parttime/yii/framework/web/filters/CFilterChain.php(131): CInlineFilter->filter()
#21 /home/hieutct/syn/parttime/yii/framework/web/CController.php(291): CFilterChain->run()
#22 /home/hieutct/syn/parttime/yii/framework/web/CController.php(265): VoteController->runActionWithFilters()
#23 /home/hieutct/syn/parttime/yii/framework/web/CWebApplication.php(282): VoteController->run()
#24 /home/hieutct/syn/parttime/yii/framework/web/CWebApplication.php(141): CWebApplication->runController()
#25 /home/hieutct/syn/parttime/yii/framework/base/CApplication.php(185): CWebApplication->processRequest()
#26 /home/hieutct/syn/parttime/yii/index.php(11): CWebApplication->run()
REQUEST_URI=/yii/index.php/vote/index?auto_scroll=exTab
2017/11/14 19:11:11 [error] [php] Undefined variable: this (/home/hieutct/syn/parttime/yii/framework/db/ar/CActiveRecord.php:1491)
Stack trace:
#0 /home/hieutct/syn/parttime/yii/framework/web/CBaseController.php(130): require()
#1 /home/hieutct/syn/parttime/yii/framework/web/CBaseController.php(95): VoteController->renderInternal()
#2 /home/hieutct/syn/parttime/yii/framework/zii/widgets/CListView.php(291): VoteController->renderFile()
#3 /home/hieutct/syn/parttime/yii/framework/zii/widgets/CBaseListView.php(181): CListView->renderItems()
#4 unknown(0): CListView->renderSection()
#5 /home/hieutct/syn/parttime/yii/framework/zii/widgets/CBaseListView.php(164): preg_replace_callback()
#6 /home/hieutct/syn/parttime/yii/framework/zii/widgets/CBaseListView.php(149): CListView->renderContent()
#7 /home/hieutct/syn/parttime/yii/framework/web/CBaseController.php(182): CListView->run()
#8 /home/hieutct/syn/parttime/yii/protected/views/vote/filterVote.php(38): VoteController->widget()
#9 /home/hieutct/syn/parttime/yii/framework/web/CBaseController.php(126): require()
#10 /home/hieutct/syn/parttime/yii/framework/web/CBaseController.php(95): VoteController->renderInternal()
#11 /home/hieutct/syn/parttime/yii/framework/web/CController.php(872): VoteController->renderFile()
#12 /home/hieutct/syn/parttime/yii/framework/web/CController.php(785): VoteController->renderPartial()
#13 /home/hieutct/syn/parttime/yii/protected/controllers/VoteController.php(83): VoteController->render()
#14 /home/hieutct/syn/parttime/yii/framework/web/actions/CInlineAction.php(49): VoteController->actionIndex()
#15 /home/hieutct/syn/parttime/yii/framework/web/CController.php(308): CInlineAction->runWithParams()
#16 /home/hieutct/syn/parttime/yii/framework/web/filters/CFilterChain.php(134): VoteController->runAction()
#17 /home/hieutct/syn/parttime/yii/framework/web/filters/CFilter.php(40): CFilterChain->run()
#18 /home/hieutct/syn/parttime/yii/framework/web/CController.php(1148): CAccessControlFilter->filter()
#19 /home/hieutct/syn/parttime/yii/framework/web/filters/CInlineFilter.php(58): VoteController->filterAccessControl()
#20 /home/hieutct/syn/parttime/yii/framework/web/filters/CFilterChain.php(131): CInlineFilter->filter()
#21 /home/hieutct/syn/parttime/yii/framework/web/CController.php(291): CFilterChain->run()
#22 /home/hieutct/syn/parttime/yii/framework/web/CController.php(265): VoteController->runActionWithFilters()
#23 /home/hieutct/syn/parttime/yii/framework/web/CWebApplication.php(282): VoteController->run()
#24 /home/hieutct/syn/parttime/yii/framework/web/CWebApplication.php(141): CWebApplication->runController()
#25 /home/hieutct/syn/parttime/yii/framework/base/CApplication.php(185): CWebApplication->processRequest()
#26 /home/hieutct/syn/parttime/yii/index.php(11): CWebApplication->run()
REQUEST_URI=/yii/index.php/vote/index?auto_scroll=exTab
2017/11/14 19:11:46 [error] [php] Undefined variable: this (/home/hieutct/syn/parttime/yii/framework/db/ar/CActiveRecord.php:1491)
Stack trace:
#0 /home/hieutct/syn/parttime/yii/framework/web/CBaseController.php(130): require()
#1 /home/hieutct/syn/parttime/yii/framework/web/CBaseController.php(95): VoteController->renderInternal()
#2 /home/hieutct/syn/parttime/yii/framework/zii/widgets/CListView.php(291): VoteController->renderFile()
#3 /home/hieutct/syn/parttime/yii/framework/zii/widgets/CBaseListView.php(181): CListView->renderItems()
#4 unknown(0): CListView->renderSection()
#5 /home/hieutct/syn/parttime/yii/framework/zii/widgets/CBaseListView.php(164): preg_replace_callback()
#6 /home/hieutct/syn/parttime/yii/framework/zii/widgets/CBaseListView.php(149): CListView->renderContent()
#7 /home/hieutct/syn/parttime/yii/framework/web/CBaseController.php(182): CListView->run()
#8 /home/hieutct/syn/parttime/yii/protected/views/vote/filterVote.php(38): VoteController->widget()
#9 /home/hieutct/syn/parttime/yii/framework/web/CBaseController.php(126): require()
#10 /home/hieutct/syn/parttime/yii/framework/web/CBaseController.php(95): VoteController->renderInternal()
#11 /home/hieutct/syn/parttime/yii/framework/web/CController.php(872): VoteController->renderFile()
#12 /home/hieutct/syn/parttime/yii/framework/web/CController.php(785): VoteController->renderPartial()
#13 /home/hieutct/syn/parttime/yii/protected/controllers/VoteController.php(83): VoteController->render()
#14 /home/hieutct/syn/parttime/yii/framework/web/actions/CInlineAction.php(49): VoteController->actionIndex()
#15 /home/hieutct/syn/parttime/yii/framework/web/CController.php(308): CInlineAction->runWithParams()
#16 /home/hieutct/syn/parttime/yii/framework/web/filters/CFilterChain.php(134): VoteController->runAction()
#17 /home/hieutct/syn/parttime/yii/framework/web/filters/CFilter.php(40): CFilterChain->run()
#18 /home/hieutct/syn/parttime/yii/framework/web/CController.php(1148): CAccessControlFilter->filter()
#19 /home/hieutct/syn/parttime/yii/framework/web/filters/CInlineFilter.php(58): VoteController->filterAccessControl()
#20 /home/hieutct/syn/parttime/yii/framework/web/filters/CFilterChain.php(131): CInlineFilter->filter()
#21 /home/hieutct/syn/parttime/yii/framework/web/CController.php(291): CFilterChain->run()
#22 /home/hieutct/syn/parttime/yii/framework/web/CController.php(265): VoteController->runActionWithFilters()
#23 /home/hieutct/syn/parttime/yii/framework/web/CWebApplication.php(282): VoteController->run()
#24 /home/hieutct/syn/parttime/yii/framework/web/CWebApplication.php(141): CWebApplication->runController()
#25 /home/hieutct/syn/parttime/yii/framework/base/CApplication.php(185): CWebApplication->processRequest()
#26 /home/hieutct/syn/parttime/yii/index.php(11): CWebApplication->run()
REQUEST_URI=/yii/index.php/vote/index?auto_scroll=exTab
2017/11/14 19:11:47 [error] [php] Undefined variable: this (/home/hieutct/syn/parttime/yii/framework/db/ar/CActiveRecord.php:1491)
Stack trace:
#0 /home/hieutct/syn/parttime/yii/framework/web/CBaseController.php(130): require()
#1 /home/hieutct/syn/parttime/yii/framework/web/CBaseController.php(95): VoteController->renderInternal()
#2 /home/hieutct/syn/parttime/yii/framework/zii/widgets/CListView.php(291): VoteController->renderFile()
#3 /home/hieutct/syn/parttime/yii/framework/zii/widgets/CBaseListView.php(181): CListView->renderItems()
#4 unknown(0): CListView->renderSection()
#5 /home/hieutct/syn/parttime/yii/framework/zii/widgets/CBaseListView.php(164): preg_replace_callback()
#6 /home/hieutct/syn/parttime/yii/framework/zii/widgets/CBaseListView.php(149): CListView->renderContent()
#7 /home/hieutct/syn/parttime/yii/framework/web/CBaseController.php(182): CListView->run()
#8 /home/hieutct/syn/parttime/yii/protected/views/vote/filterVote.php(38): VoteController->widget()
#9 /home/hieutct/syn/parttime/yii/framework/web/CBaseController.php(126): require()
#10 /home/hieutct/syn/parttime/yii/framework/web/CBaseController.php(95): VoteController->renderInternal()
#11 /home/hieutct/syn/parttime/yii/framework/web/CController.php(872): VoteController->renderFile()
#12 /home/hieutct/syn/parttime/yii/framework/web/CController.php(785): VoteController->renderPartial()
#13 /home/hieutct/syn/parttime/yii/protected/controllers/VoteController.php(83): VoteController->render()
#14 /home/hieutct/syn/parttime/yii/framework/web/actions/CInlineAction.php(49): VoteController->actionIndex()
#15 /home/hieutct/syn/parttime/yii/framework/web/CController.php(308): CInlineAction->runWithParams()
#16 /home/hieutct/syn/parttime/yii/framework/web/filters/CFilterChain.php(134): VoteController->runAction()
#17 /home/hieutct/syn/parttime/yii/framework/web/filters/CFilter.php(40): CFilterChain->run()
#18 /home/hieutct/syn/parttime/yii/framework/web/CController.php(1148): CAccessControlFilter->filter()
#19 /home/hieutct/syn/parttime/yii/framework/web/filters/CInlineFilter.php(58): VoteController->filterAccessControl()
#20 /home/hieutct/syn/parttime/yii/framework/web/filters/CFilterChain.php(131): CInlineFilter->filter()
#21 /home/hieutct/syn/parttime/yii/framework/web/CController.php(291): CFilterChain->run()
#22 /home/hieutct/syn/parttime/yii/framework/web/CController.php(265): VoteController->runActionWithFilters()
#23 /home/hieutct/syn/parttime/yii/framework/web/CWebApplication.php(282): VoteController->run()
#24 /home/hieutct/syn/parttime/yii/framework/web/CWebApplication.php(141): CWebApplication->runController()
#25 /home/hieutct/syn/parttime/yii/framework/base/CApplication.php(185): CWebApplication->processRequest()
#26 /home/hieutct/syn/parttime/yii/index.php(11): CWebApplication->run()
REQUEST_URI=/yii/index.php/vote/index?auto_scroll=exTab
2017/11/14 19:11:59 [error] [php] Undefined variable: this (/home/hieutct/syn/parttime/yii/framework/db/ar/CActiveRecord.php:1491)
Stack trace:
#0 /home/hieutct/syn/parttime/yii/framework/web/CBaseController.php(130): require()
#1 /home/hieutct/syn/parttime/yii/framework/web/CBaseController.php(95): VoteController->renderInternal()
#2 /home/hieutct/syn/parttime/yii/framework/zii/widgets/CListView.php(291): VoteController->renderFile()
#3 /home/hieutct/syn/parttime/yii/framework/zii/widgets/CBaseListView.php(181): CListView->renderItems()
#4 unknown(0): CListView->renderSection()
#5 /home/hieutct/syn/parttime/yii/framework/zii/widgets/CBaseListView.php(164): preg_replace_callback()
#6 /home/hieutct/syn/parttime/yii/framework/zii/widgets/CBaseListView.php(149): CListView->renderContent()
#7 /home/hieutct/syn/parttime/yii/framework/web/CBaseController.php(182): CListView->run()
#8 /home/hieutct/syn/parttime/yii/protected/views/vote/filterVote.php(38): VoteController->widget()
#9 /home/hieutct/syn/parttime/yii/framework/web/CBaseController.php(126): require()
#10 /home/hieutct/syn/parttime/yii/framework/web/CBaseController.php(95): VoteController->renderInternal()
#11 /home/hieutct/syn/parttime/yii/framework/web/CController.php(872): VoteController->renderFile()
#12 /home/hieutct/syn/parttime/yii/framework/web/CController.php(785): VoteController->renderPartial()
#13 /home/hieutct/syn/parttime/yii/protected/controllers/VoteController.php(83): VoteController->render()
#14 /home/hieutct/syn/parttime/yii/framework/web/actions/CInlineAction.php(49): VoteController->actionIndex()
#15 /home/hieutct/syn/parttime/yii/framework/web/CController.php(308): CInlineAction->runWithParams()
#16 /home/hieutct/syn/parttime/yii/framework/web/filters/CFilterChain.php(134): VoteController->runAction()
#17 /home/hieutct/syn/parttime/yii/framework/web/filters/CFilter.php(40): CFilterChain->run()
#18 /home/hieutct/syn/parttime/yii/framework/web/CController.php(1148): CAccessControlFilter->filter()
#19 /home/hieutct/syn/parttime/yii/framework/web/filters/CInlineFilter.php(58): VoteController->filterAccessControl()
#20 /home/hieutct/syn/parttime/yii/framework/web/filters/CFilterChain.php(131): CInlineFilter->filter()
#21 /home/hieutct/syn/parttime/yii/framework/web/CController.php(291): CFilterChain->run()
#22 /home/hieutct/syn/parttime/yii/framework/web/CController.php(265): VoteController->runActionWithFilters()
#23 /home/hieutct/syn/parttime/yii/framework/web/CWebApplication.php(282): VoteController->run()
#24 /home/hieutct/syn/parttime/yii/framework/web/CWebApplication.php(141): CWebApplication->runController()
#25 /home/hieutct/syn/parttime/yii/framework/base/CApplication.php(185): CWebApplication->processRequest()
#26 /home/hieutct/syn/parttime/yii/index.php(11): CWebApplication->run()
REQUEST_URI=/yii/index.php/vote/index?auto_scroll=exTab
